2016/04/07 18:34:00 [error] [php] Undefined variable: records (C:\xampp\htdocs\yiicancau\protected\views\site\index.php:7)
Stack trace:
#0 C:\xampp\htdocs\yii\framework\web\CController.php(869): SiteController->renderFile()
#1 C:\xampp\htdocs\yii\framework\web\CController.php(782): SiteController->renderPartial()
#2 C:\xampp\htdocs\yiicancau\protected\controllers\SiteController.php(33): SiteController->render()
#3 C:\xampp\htdocs\yii\framework\web\actions\CInlineAction.php(49): SiteController->actionIndex()
#4 C:\xampp\htdocs\yii\framework\web\CController.php(308): CInlineAction->runWithParams()
#5 C:\xampp\htdocs\yii\framework\web\CController.php(286): SiteController->runAction()
#6 C:\xampp\htdocs\yii\framework\web\CController.php(265): SiteController->runActionWithFilters()
#7 C:\xampp\htdocs\yii\framework\web\CWebApplication.php(282): SiteController->run()
#8 C:\xampp\htdocs\yii\framework\web\CWebApplication.php(141): CWebApplication->runController()
#9 C:\xampp\htdocs\yii\framework\base\CApplication.php(185): CWebApplication->processRequest()
#10 C:\xampp\htdocs\yiicancau\index.php(13): CWebApplication->run()
REQUEST_URI=/yiicancau/
in C:\xampp\htdocs\yiicancau\protected\views\site\index.php (7)
in C:\xampp\htdocs\yiicancau\protected\controllers\SiteController.php (33)
in C:\xampp\htdocs\yiicancau\index.php (13)
2016/04/07 18:34:16 [error] [php] Undefined variable: records (C:\xampp\htdocs\yiicancau\protected\views\site\index.php:7)
Stack trace:
#0 C:\xampp\htdocs\yii\framework\web\CController.php(869): SiteController->renderFile()
#1 C:\xampp\htdocs\yii\framework\web\CController.php(782): SiteController->renderPartial()
#2 C:\xampp\htdocs\yiicancau\protected\controllers\SiteController.php(33): SiteController->render()
#3 C:\xampp\htdocs\yii\framework\web\actions\CInlineAction.php(49): SiteController->actionIndex()
#4 C:\xampp\htdocs\yii\framework\web\CController.php(308): CInlineAction->runWithParams()
#5 C:\xampp\htdocs\yii\framework\web\CController.php(286): SiteController->runAction()
#6 C:\xampp\htdocs\yii\framework\web\CController.php(265): SiteController->runActionWithFilters()
#7 C:\xampp\htdocs\yii\framework\web\CWebApplication.php(282): SiteController->run()
#8 C:\xampp\htdocs\yii\framework\web\CWebApplication.php(141): CWebApplication->runController()
#9 C:\xampp\htdocs\yii\framework\base\CApplication.php(185): CWebApplication->processRequest()
#10 C:\xampp\htdocs\yiicancau\index.php(13): CWebApplication->run()
REQUEST_URI=/yiicancau/
in C:\xampp\htdocs\yiicancau\protected\views\site\index.php (7)
in C:\xampp\htdocs\yiicancau\protected\controllers\SiteController.php (33)
in C:\xampp\htdocs\yiicancau\index.php (13)
2016/04/07 18:44:09 [error] [exception.Exception] exception 'Exception' with message 'Invalid Bootstrap path and CDN URL not set. Set vendor.twbs.bootstrap.dist alias or cdnUrl parameter in the configuration file.' in C:\xampp\htdocs\yiicancau\protected\extensions\bootstrap\components\TbApi.php:245
Stack trace:
#0 C:\xampp\htdocs\yiicancau\protected\extensions\bootstrap\components\TbApi.php(75): TbApi->getBootstrapUrl()
#1 C:\xampp\htdocs\yiicancau\protected\extensions\bootstrap\components\TbApi.php(122): TbApi->registerCoreCss()
#2 C:\xampp\htdocs\yiicancau\protected\extensions\bootstrap\components\TbApi.php(167): TbApi->registerAllCss()
#3 C:\xampp\htdocs\yiicancau\protected\views\layouts\main.php(17): TbApi->register()
#4 C:\xampp\htdocs\yii\framework\web\CBaseController.php(126): require('C:\\xampp\\htdocs...')
#5 C:\xampp\htdocs\yii\framework\web\CBaseController.php(95): CBaseController->renderInternal('C:\\xampp\\htdocs...', Array, true)
#6 C:\xampp\htdocs\yii\framework\web\widgets\CContentDecorator.php(76): CBaseController->renderFile('C:\\xampp\\htdocs...', Array, true)
#7 C:\xampp\htdocs\yii\framework\web\widgets\CContentDecorator.php(54): CContentDecorator->decorate('<div id="conten...')
#8 C:\xampp\htdocs\yii\framework\web\widgets\COutputProcessor.php(44): CContentDecorator->processOutput('<div id="conten...')
#9 C:\xampp\htdocs\yii\framework\web\CBaseController.php(214): COutputProcessor->run()
#10 C:\xampp\htdocs\yii\framework\web\CBaseController.php(308): CBaseController->endWidget('CContentDecorat...')
#11 C:\xampp\htdocs\yiicancau\protected\views\layouts\column1.php(6): CBaseController->endContent()
#12 C:\xampp\htdocs\yii\framework\web\CBaseController.php(126): require('C:\\xampp\\htdocs...')
#13 C:\xampp\htdocs\yii\framework\web\CBaseController.php(95): CBaseController->renderInternal('C:\\xampp\\htdocs...', Array, true)
#14 C:\xampp\htdocs\yii\framework\web\CController.php(784): CBaseController->renderFile('C:\\xampp\\htdocs...', Array, true)
#15 C:\xampp\htdocs\yiicancau\protected\controllers\SiteController.php(33): CController->render('index', Array)
#16 C:\xampp\htdocs\yii\framework\web\actions\CInlineAction.php(49): SiteController->actionIndex()
#17 C:\xampp\htdocs\yii\framework\web\CController.php(308): CInlineAction->runWithParams(Array)
#18 C:\xampp\htdocs\yii\framework\web\CController.php(286): CController->runAction(Object(CInlineAction))
#19 C:\xampp\htdocs\yii\framework\web\CController.php(265): CController->runActionWithFilters(Object(CInlineAction), Array)
#20 C:\xampp\htdocs\yii\framework\web\CWebApplication.php(282): CController->run('index')
#21 C:\xampp\htdocs\yii\framework\web\CWebApplication.php(141): CWebApplication->runController('site/index')
#22 C:\xampp\htdocs\yii\framework\base\CApplication.php(185): CWebApplication->processRequest()
#23 C:\xampp\htdocs\yiicancau\index.php(13): CApplication->run()
#24 {main}
REQUEST_URI=/yiicancau/index.php?r=site/index
HTTP_REFERER=http://localhost/yiicancau/index.php?r=site/contact
---
2016/04/07 18:46:31 [error] [exception.Exception] exception 'Exception' with message 'Invalid Bootstrap path and CDN URL not set. Set vendor.twbs.bootstrap.dist alias or cdnUrl parameter in the configuration file.' in C:\xampp\htdocs\yiicancau\protected\extensions\bootstrap\components\TbApi.php:245
Stack trace:
#0 C:\xampp\htdocs\yiicancau\protected\extensions\bootstrap\components\TbApi.php(75): TbApi->getBootstrapUrl()
#1 C:\xampp\htdocs\yiicancau\protected\extensions\bootstrap\components\TbApi.php(122): TbApi->registerCoreCss()
#2 C:\xampp\htdocs\yiicancau\protected\extensions\bootstrap\components\TbApi.php(167): TbApi->registerAllCss()
#3 C:\xampp\htdocs\yiicancau\protected\views\layouts\main.php(17): TbApi->register()
#4 C:\xampp\htdocs\yii\framework\web\CBaseController.php(126): require('C:\\xampp\\htdocs...')
#5 C:\xampp\htdocs\yii\framework\web\CBaseController.php(95): CBaseController->renderInternal('C:\\xampp\\htdocs...', Array, true)
#6 C:\xampp\htdocs\yii\framework\web\widgets\CContentDecorator.php(76): CBaseController->renderFile('C:\\xampp\\htdocs...', Array, true)
#7 C:\xampp\htdocs\yii\framework\web\widgets\CContentDecorator.php(54): CContentDecorator->decorate('<div id="conten...')
#8 C:\xampp\htdocs\yii\framework\web\widgets\COutputProcessor.php(44): CContentDecorator->processOutput('<div id="conten...')
#9 C:\xampp\htdocs\yii\framework\web\CBaseController.php(214): COutputProcessor->run()
#10 C:\xampp\htdocs\yii\framework\web\CBaseController.php(308): CBaseController->endWidget('CContentDecorat...')
#11 C:\xampp\htdocs\yiicancau\protected\views\layouts\column1.php(6): CBaseController->endContent()
#12 C:\xampp\htdocs\yii\framework\web\CBaseController.php(126): require('C:\\xampp\\htdocs...')
#13 C:\xampp\htdocs\yii\framework\web\CBaseController.php(95): CBaseController->renderInternal('C:\\xampp\\htdocs...', Array, true)
#14 C:\xampp\htdocs\yii\framework\web\CController.php(784): CBaseController->renderFile('C:\\xampp\\htdocs...', Array, true)
#15 C:\xampp\htdocs\yiicancau\protected\controllers\SiteController.php(33): CController->render('index', Array)
#16 C:\xampp\htdocs\yii\framework\web\actions\CInlineAction.php(49): SiteController->actionIndex()
#17 C:\xampp\htdocs\yii\framework\web\CController.php(308): CInlineAction->runWithParams(Array)
#18 C:\xampp\htdocs\yii\framework\web\CController.php(286): CController->runAction(Object(CInlineAction))
#19 C:\xampp\htdocs\yii\framework\web\CController.php(265): CController->runActionWithFilters(Object(CInlineAction), Array)
#20 C:\xampp\htdocs\yii\framework\web\CWebApplication.php(282): CController->run('index')
#21 C:\xampp\htdocs\yii\framework\web\CWebApplication.php(141): CWebApplication->runController('site/index')
#22 C:\xampp\htdocs\yii\framework\base\CApplication.php(185): CWebApplication->processRequest()
#23 C:\xampp\htdocs\yiicancau\index.php(13): CApplication->run()
#24 {main}
REQUEST_URI=/yiicancau/index.php?r=site/index
HTTP_REFERER=http://localhost/yiicancau/index.php?r=site/contact
---
2016/04/07 18:47:20 [error] [exception.CException] exception 'CException' with message 'Alias "bootstrap.components.Bootstrap" is invalid. Make sure it points to an existing PHP file and the file is readable.' in C:\xampp\htdocs\yii\framework\YiiBase.php:323
Stack trace:
#0 C:\xampp\htdocs\yii\framework\YiiBase.php(196): YiiBase::import('bootstrap.compo...', true)
#1 C:\xampp\htdocs\yii\framework\base\CModule.php(393): YiiBase::createComponent(Array)
#2 C:\xampp\htdocs\yii\framework\base\CModule.php(103): CModule->getComponent('bootstrap')
#3 C:\xampp\htdocs\yiicancau\protected\views\layouts\main.php(17): CModule->__get('bootstrap')
#4 C:\xampp\htdocs\yii\framework\web\CBaseController.php(126): require('C:\\xampp\\htdocs...')
#5 C:\xampp\htdocs\yii\framework\web\CBaseController.php(95): CBaseController->renderInternal('C:\\xampp\\htdocs...', Array, true)
#6 C:\xampp\htdocs\yii\framework\web\widgets\CContentDecorator.php(76): CBaseController->renderFile('C:\\xampp\\htdocs...', Array, true)
#7 C:\xampp\htdocs\yii\framework\web\widgets\CContentDecorator.php(54): CContentDecorator->decorate('<div id="conten...')
#8 C:\xampp\htdocs\yii\framework\web\widgets\COutputProcessor.php(44): CContentDecorator->processOutput('<div id="conten...')
#9 C:\xampp\htdocs\yii\framework\web\CBaseController.php(214): COutputProcessor->run()
#10 C:\xampp\htdocs\yii\framework\web\CBaseController.php(308): CBaseController->endWidget('CContentDecorat...')
#11 C:\xampp\htdocs\yiicancau\protected\views\layouts\column1.php(6): CBaseController->endContent()
#12 C:\xampp\htdocs\yii\framework\web\CBaseController.php(126): require('C:\\xampp\\htdocs...')
#13 C:\xampp\htdocs\yii\framework\web\CBaseController.php(95): CBaseController->renderInternal('C:\\xampp\\htdocs...', Array, true)
#14 C:\xampp\htdocs\yii\framework\web\CController.php(784): CBaseController->renderFile('C:\\xampp\\htdocs...', Array, true)
#15 C:\xampp\htdocs\yiicancau\protected\controllers\SiteController.php(33): CController->render('index', Array)
#16 C:\xampp\htdocs\yii\framework\web\actions\CInlineAction.php(49): SiteController->actionIndex()
#17 C:\xampp\htdocs\yii\framework\web\CController.php(308): CInlineAction->runWithParams(Array)
#18 C:\xampp\htdocs\yii\framework\web\CController.php(286): CController->runAction(Object(CInlineAction))
#19 C:\xampp\htdocs\yii\framework\web\CController.php(265): CController->runActionWithFilters(Object(CInlineAction), Array)
#20 C:\xampp\htdocs\yii\framework\web\CWebApplication.php(282): CController->run('index')
#21 C:\xampp\htdocs\yii\framework\web\CWebApplication.php(141): CWebApplication->runController('site/index')
#22 C:\xampp\htdocs\yii\framework\base\CApplication.php(185): CWebApplication->processRequest()
#23 C:\xampp\htdocs\yiicancau\index.php(13): CApplication->run()
#24 {main}
REQUEST_URI=/yiicancau/index.php?r=site/index
HTTP_REFERER=http://localhost/yiicancau/index.php?r=site/contact
---
2016/04/07 18:48:43 [error] [exception.CException] exception 'CException' with message 'Alias "bootstrap.components.Bootstrap" is invalid. Make sure it points to an existing PHP file and the file is readable.' in C:\xampp\htdocs\yii\framework\YiiBase.php:323
Stack trace:
#0 C:\xampp\htdocs\yii\framework\YiiBase.php(196): YiiBase::import('bootstrap.compo...', true)
#1 C:\xampp\htdocs\yii\framework\base\CModule.php(393): YiiBase::createComponent(Array)
#2 C:\xampp\htdocs\yii\framework\base\CModule.php(103): CModule->getComponent('bootstrap')
#3 C:\xampp\htdocs\yiicancau\protected\views\layouts\main.php(17): CModule->__get('bootstrap')
#4 C:\xampp\htdocs\yii\framework\web\CBaseController.php(126): require('C:\\xampp\\htdocs...')
#5 C:\xampp\htdocs\yii\framework\web\CBaseController.php(95): CBaseController->renderInternal('C:\\xampp\\htdocs...', Array, true)
#6 C:\xampp\htdocs\yii\framework\web\widgets\CContentDecorator.php(76): CBaseController->renderFile('C:\\xampp\\htdocs...', Array, true)
#7 C:\xampp\htdocs\yii\framework\web\widgets\CContentDecorator.php(54): CContentDecorator->decorate('<div id="conten...')
#8 C:\xampp\htdocs\yii\framework\web\widgets\COutputProcessor.php(44): CContentDecorator->processOutput('<div id="conten...')
#9 C:\xampp\htdocs\yii\framework\web\CBaseController.php(214): COutputProcessor->run()
#10 C:\xampp\htdocs\yii\framework\web\CBaseController.php(308): CBaseController->endWidget('CContentDecorat...')
#11 C:\xampp\htdocs\yiicancau\protected\views\layouts\column1.php(6): CBaseController->endContent()
#12 C:\xampp\htdocs\yii\framework\web\CBaseController.php(126): require('C:\\xampp\\htdocs...')
#13 C:\xampp\htdocs\yii\framework\web\CBaseController.php(95): CBaseController->renderInternal('C:\\xampp\\htdocs...', Array, true)
#14 C:\xampp\htdocs\yii\framework\web\CController.php(784): CBaseController->renderFile('C:\\xampp\\htdocs...', Array, true)
#15 C:\xampp\htdocs\yiicancau\protected\controllers\SiteController.php(33): CController->render('index', Array)
#16 C:\xampp\htdocs\yii\framework\web\actions\CInlineAction.php(49): SiteController->actionIndex()
#17 C:\xampp\htdocs\yii\framework\web\CController.php(308): CInlineAction->runWithParams(Array)
#18 C:\xampp\htdocs\yii\framework\web\CController.php(286): CController->runAction(Object(CInlineAction))
#19 C:\xampp\htdocs\yii\framework\web\CController.php(265): CController->runActionWithFilters(Object(CInlineAction), Array)
#20 C:\xampp\htdocs\yii\framework\web\CWebApplication.php(282): CController->run('index')
#21 C:\xampp\htdocs\yii\framework\web\CWebApplication.php(141): CWebApplication->runController('site/index')
#22 C:\xampp\htdocs\yii\framework\base\CApplication.php(185): CWebApplication->processRequest()
#23 C:\xampp\htdocs\yiicancau\index.php(13): CApplication->run()
#24 {main}
REQUEST_URI=/yiicancau/index.php?r=site/index
HTTP_REFERER=http://localhost/yiicancau/index.php?r=site/contact
---
2016/04/07 18:48:44 [error] [exception.CException] exception 'CException' with message 'Alias "bootstrap.components.Bootstrap" is invalid. Make sure it points to an existing PHP file and the file is readable.' in C:\xampp\htdocs\yii\framework\YiiBase.php:323
Stack trace:
#0 C:\xampp\htdocs\yii\framework\YiiBase.php(196): YiiBase::import('bootstrap.compo...', true)
#1 C:\xampp\htdocs\yii\framework\base\CModule.php(393): YiiBase::createComponent(Array)
#2 C:\xampp\htdocs\yii\framework\base\CModule.php(103): CModule->getComponent('bootstrap')
#3 C:\xampp\htdocs\yiicancau\protected\views\layouts\main.php(17): CModule->__get('bootstrap')
#4 C:\xampp\htdocs\yii\framework\web\CBaseController.php(126): require('C:\\xampp\\htdocs...')
#5 C:\xampp\htdocs\yii\framework\web\CBaseController.php(95): CBaseController->renderInternal('C:\\xampp\\htdocs...', Array, true)
#6 C:\xampp\htdocs\yii\framework\web\widgets\CContentDecorator.php(76): CBaseController->renderFile('C:\\xampp\\htdocs...', Array, true)
#7 C:\xampp\htdocs\yii\framework\web\widgets\CContentDecorator.php(54): CContentDecorator->decorate('<div id="conten...')
#8 C:\xampp\htdocs\yii\framework\web\widgets\COutputProcessor.php(44): CContentDecorator->processOutput('<div id="conten...')
#9 C:\xampp\htdocs\yii\framework\web\CBaseController.php(214): COutputProcessor->run()
#10 C:\xampp\htdocs\yii\framework\web\CBaseController.php(308): CBaseController->endWidget('CContentDecorat...')
#11 C:\xampp\htdocs\yiicancau\protected\views\layouts\column1.php(6): CBaseController->endContent()
#12 C:\xampp\htdocs\yii\framework\web\CBaseController.php(126): require('C:\\xampp\\htdocs...')
#13 C:\xampp\htdocs\yii\framework\web\CBaseController.php(95): CBaseController->renderInternal('C:\\xampp\\htdocs...', Array, true)
#14 C:\xampp\htdocs\yii\framework\web\CController.php(784): CBaseController->renderFile('C:\\xampp\\htdocs...', Array, true)
#15 C:\xampp\htdocs\yiicancau\protected\controllers\SiteController.php(33): CController->render('index', Array)
#16 C:\xampp\htdocs\yii\framework\web\actions\CInlineAction.php(49): SiteController->actionIndex()
#17 C:\xampp\htdocs\yii\framework\web\CController.php(308): CInlineAction->runWithParams(Array)
#18 C:\xampp\htdocs\yii\framework\web\CController.php(286): CController->runAction(Object(CInlineAction))
#19 C:\xampp\htdocs\yii\framework\web\CController.php(265): CController->runActionWithFilters(Object(CInlineAction), Array)
#20 C:\xampp\htdocs\yii\framework\web\CWebApplication.php(282): CController->run('index')
#21 C:\xampp\htdocs\yii\framework\web\CWebApplication.php(141): CWebApplication->runController('site/index')
#22 C:\xampp\htdocs\yii\framework\base\CApplication.php(185): CWebApplication->processRequest()
#23 C:\xampp\htdocs\yiicancau\index.php(13): CApplication->run()
#24 {main}
REQUEST_URI=/yiicancau/index.php?r=site/index
HTTP_REFERER=http://localhost/yiicancau/index.php?r=site/contact
---
2016/04/07 18:48:44 [error] [exception.CException] exception 'CException' with message 'Alias "bootstrap.components.Bootstrap" is invalid. Make sure it points to an existing PHP file and the file is readable.' in C:\xampp\htdocs\yii\framework\YiiBase.php:323
Stack trace:
#0 C:\xampp\htdocs\yii\framework\YiiBase.php(196): YiiBase::import('bootstrap.compo...', true)
#1 C:\xampp\htdocs\yii\framework\base\CModule.php(393): YiiBase::createComponent(Array)
#2 C:\xampp\htdocs\yii\framework\base\CModule.php(103): CModule->getComponent('bootstrap')
#3 C:\xampp\htdocs\yiicancau\protected\views\layouts\main.php(17): CModule->__get('bootstrap')
#4 C:\xampp\htdocs\yii\framework\web\CBaseController.php(126): require('C:\\xampp\\htdocs...')
#5 C:\xampp\htdocs\yii\framework\web\CBaseController.php(95): CBaseController->renderInternal('C:\\xampp\\htdocs...', Array, true)
#6 C:\xampp\htdocs\yii\framework\web\widgets\CContentDecorator.php(76): CBaseController->renderFile('C:\\xampp\\htdocs...', Array, true)
#7 C:\xampp\htdocs\yii\framework\web\widgets\CContentDecorator.php(54): CContentDecorator->decorate('<div id="conten...')
#8 C:\xampp\htdocs\yii\framework\web\widgets\COutputProcessor.php(44): CContentDecorator->processOutput('<div id="conten...')
#9 C:\xampp\htdocs\yii\framework\web\CBaseController.php(214): COutputProcessor->run()
#10 C:\xampp\htdocs\yii\framework\web\CBaseController.php(308): CBaseController->endWidget('CContentDecorat...')
#11 C:\xampp\htdocs\yiicancau\protected\views\layouts\column1.php(6): CBaseController->endContent()
#12 C:\xampp\htdocs\yii\framework\web\CBaseController.php(126): require('C:\\xampp\\htdocs...')
#13 C:\xampp\htdocs\yii\framework\web\CBaseController.php(95): CBaseController->renderInternal('C:\\xampp\\htdocs...', Array, true)
#14 C:\xampp\htdocs\yii\framework\web\CController.php(784): CBaseController->renderFile('C:\\xampp\\htdocs...', Array, true)
#15 C:\xampp\htdocs\yiicancau\protected\controllers\SiteController.php(33): CController->render('index', Array)
#16 C:\xampp\htdocs\yii\framework\web\actions\CInlineAction.php(49): SiteController->actionIndex()
#17 C:\xampp\htdocs\yii\framework\web\CController.php(308): CInlineAction->runWithParams(Array)
#18 C:\xampp\htdocs\yii\framework\web\CController.php(286): CController->runAction(Object(CInlineAction))
#19 C:\xampp\htdocs\yii\framework\web\CController.php(265): CController->runActionWithFilters(Object(CInlineAction), Array)
#20 C:\xampp\htdocs\yii\framework\web\CWebApplication.php(282): CController->run('index')
#21 C:\xampp\htdocs\yii\framework\web\CWebApplication.php(141): CWebApplication->runController('site/index')
#22 C:\xampp\htdocs\yii\framework\base\CApplication.php(185): CWebApplication->processRequest()
#23 C:\xampp\htdocs\yiicancau\index.php(13): CApplication->run()
#24 {main}
REQUEST_URI=/yiicancau/index.php?r=site/index
HTTP_REFERER=http://localhost/yiicancau/index.php?r=site/contact
---
2016/04/07 18:49:07 [error] [exception.CException] exception 'CException' with message 'Alias "ext.bootstrap.src.components.Bootstrap" is invalid. Make sure it points to an existing PHP file and the file is readable.' in C:\xampp\htdocs\yii\framework\YiiBase.php:323
Stack trace:
#0 C:\xampp\htdocs\yii\framework\YiiBase.php(196): YiiBase::import('ext.bootstrap.s...', true)
#1 C:\xampp\htdocs\yii\framework\base\CModule.php(393): YiiBase::createComponent(Array)
#2 C:\xampp\htdocs\yii\framework\base\CModule.php(103): CModule->getComponent('bootstrap')
#3 C:\xampp\htdocs\yiicancau\protected\views\layouts\main.php(17): CModule->__get('bootstrap')
#4 C:\xampp\htdocs\yii\framework\web\CBaseController.php(126): require('C:\\xampp\\htdocs...')
#5 C:\xampp\htdocs\yii\framework\web\CBaseController.php(95): CBaseController->renderInternal('C:\\xampp\\htdocs...', Array, true)
#6 C:\xampp\htdocs\yii\framework\web\widgets\CContentDecorator.php(76): CBaseController->renderFile('C:\\xampp\\htdocs...', Array, true)
#7 C:\xampp\htdocs\yii\framework\web\widgets\CContentDecorator.php(54): CContentDecorator->decorate('<div id="conten...')
#8 C:\xampp\htdocs\yii\framework\web\widgets\COutputProcessor.php(44): CContentDecorator->processOutput('<div id="conten...')
#9 C:\xampp\htdocs\yii\framework\web\CBaseController.php(214): COutputProcessor->run()
#10 C:\xampp\htdocs\yii\framework\web\CBaseController.php(308): CBaseController->endWidget('CContentDecorat...')
#11 C:\xampp\htdocs\yiicancau\protected\views\layouts\column1.php(6): CBaseController->endContent()
#12 C:\xampp\htdocs\yii\framework\web\CBaseController.php(126): require('C:\\xampp\\htdocs...')
#13 C:\xampp\htdocs\yii\framework\web\CBaseController.php(95): CBaseController->renderInternal('C:\\xampp\\htdocs...', Array, true)
#14 C:\xampp\htdocs\yii\framework\web\CController.php(784): CBaseController->renderFile('C:\\xampp\\htdocs...', Array, true)
#15 C:\xampp\htdocs\yiicancau\protected\controllers\SiteController.php(33): CController->render('index', Array)
#16 C:\xampp\htdocs\yii\framework\web\actions\CInlineAction.php(49): SiteController->actionIndex()
#17 C:\xampp\htdocs\yii\framework\web\CController.php(308): CInlineAction->runWithParams(Array)
#18 C:\xampp\htdocs\yii\framework\web\CController.php(286): CController->runAction(Object(CInlineAction))
#19 C:\xampp\htdocs\yii\framework\web\CController.php(265): CController->runActionWithFilters(Object(CInlineAction), Array)
#20 C:\xampp\htdocs\yii\framework\web\CWebApplication.php(282): CController->run('index')
#21 C:\xampp\htdocs\yii\framework\web\CWebApplication.php(141): CWebApplication->runController('site/index')
#22 C:\xampp\htdocs\yii\framework\base\CApplication.php(185): CWebApplication->processRequest()
#23 C:\xampp\htdocs\yiicancau\index.php(13): CApplication->run()
#24 {main}
REQUEST_URI=/yiicancau/index.php?r=site/index
HTTP_REFERER=http://localhost/yiicancau/index.php?r=site/contact
---
2016/04/07 18:49:14 [error] [exception.CException] exception 'CException' with message 'Alias "bootstrap.components.Bootstrap" is invalid. Make sure it points to an existing PHP file and the file is readable.' in C:\xampp\htdocs\yii\framework\YiiBase.php:323
Stack trace:
#0 C:\xampp\htdocs\yii\framework\YiiBase.php(196): YiiBase::import('bootstrap.compo...', true)
#1 C:\xampp\htdocs\yii\framework\base\CModule.php(393): YiiBase::createComponent(Array)
#2 C:\xampp\htdocs\yii\framework\base\CModule.php(103): CModule->getComponent('bootstrap')
#3 C:\xampp\htdocs\yiicancau\protected\views\layouts\main.php(17): CModule->__get('bootstrap')
#4 C:\xampp\htdocs\yii\framework\web\CBaseController.php(126): require('C:\\xampp\\htdocs...')
#5 C:\xampp\htdocs\yii\framework\web\CBaseController.php(95): CBaseController->renderInternal('C:\\xampp\\htdocs...', Array, true)
#6 C:\xampp\htdocs\yii\framework\web\widgets\CContentDecorator.php(76): CBaseController->renderFile('C:\\xampp\\htdocs...', Array, true)
#7 C:\xampp\htdocs\yii\framework\web\widgets\CContentDecorator.php(54): CContentDecorator->decorate('<div id="conten...')
#8 C:\xampp\htdocs\yii\framework\web\widgets\COutputProcessor.php(44): CContentDecorator->processOutput('<div id="conten...')
#9 C:\xampp\htdocs\yii\framework\web\CBaseController.php(214): COutputProcessor->run()
#10 C:\xampp\htdocs\yii\framework\web\CBaseController.php(308): CBaseController->endWidget('CContentDecorat...')
#11 C:\xampp\htdocs\yiicancau\protected\views\layouts\column1.php(6): CBaseController->endContent()
#12 C:\xampp\htdocs\yii\framework\web\CBaseController.php(126): require('C:\\xampp\\htdocs...')
#13 C:\xampp\htdocs\yii\framework\web\CBaseController.php(95): CBaseController->renderInternal('C:\\xampp\\htdocs...', Array, true)
#14 C:\xampp\htdocs\yii\framework\web\CController.php(784): CBaseController->renderFile('C:\\xampp\\htdocs...', Array, true)
#15 C:\xampp\htdocs\yiicancau\protected\controllers\SiteController.php(33): CController->render('index', Array)
#16 C:\xampp\htdocs\yii\framework\web\actions\CInlineAction.php(49): SiteController->actionIndex()
#17 C:\xampp\htdocs\yii\framework\web\CController.php(308): CInlineAction->runWithParams(Array)
#18 C:\xampp\htdocs\yii\framework\web\CController.php(286): CController->runAction(Object(CInlineAction))
#19 C:\xampp\htdocs\yii\framework\web\CController.php(265): CController->runActionWithFilters(Object(CInlineAction), Array)
#20 C:\xampp\htdocs\yii\framework\web\CWebApplication.php(282): CController->run('index')
#21 C:\xampp\htdocs\yii\framework\web\CWebApplication.php(141): CWebApplication->runController('site/index')
#22 C:\xampp\htdocs\yii\framework\base\CApplication.php(185): CWebApplication->processRequest()
#23 C:\xampp\htdocs\yiicancau\index.php(13): CApplication->run()
#24 {main}
REQUEST_URI=/yiicancau/index.php?r=site/index
HTTP_REFERER=http://localhost/yiicancau/index.php?r=site/contact
---
2016/04/07 18:49:42 [error] [exception.Exception] exception 'Exception' with message 'Invalid Bootstrap path and CDN URL not set. Set vendor.twbs.bootstrap.dist alias or cdnUrl parameter in the configuration file.' in C:\xampp\htdocs\yiicancau\protected\extensions\bootstrap\components\TbApi.php:245
Stack trace:
#0 C:\xampp\htdocs\yiicancau\protected\extensions\bootstrap\components\TbApi.php(75): TbApi->getBootstrapUrl()
#1 C:\xampp\htdocs\yiicancau\protected\extensions\bootstrap\components\TbApi.php(122): TbApi->registerCoreCss()
#2 C:\xampp\htdocs\yiicancau\protected\extensions\bootstrap\components\TbApi.php(167): TbApi->registerAllCss()
#3 C:\xampp\htdocs\yiicancau\protected\views\layouts\main.php(17): TbApi->register()
#4 C:\xampp\htdocs\yii\framework\web\CBaseController.php(126): require('C:\\xampp\\htdocs...')
#5 C:\xampp\htdocs\yii\framework\web\CBaseController.php(95): CBaseController->renderInternal('C:\\xampp\\htdocs...', Array, true)
#6 C:\xampp\htdocs\yii\framework\web\widgets\CContentDecorator.php(76): CBaseController->renderFile('C:\\xampp\\htdocs...', Array, true)
#7 C:\xampp\htdocs\yii\framework\web\widgets\CContentDecorator.php(54): CContentDecorator->decorate('<div id="conten...')
#8 C:\xampp\htdocs\yii\framework\web\widgets\COutputProcessor.php(44): CContentDecorator->processOutput('<div id="conten...')
#9 C:\xampp\htdocs\yii\framework\web\CBaseController.php(214): COutputProcessor->run()
#10 C:\xampp\htdocs\yii\framework\web\CBaseController.php(308): CBaseController->endWidget('CContentDecorat...')
#11 C:\xampp\htdocs\yiicancau\protected\views\layouts\column1.php(6): CBaseController->endContent()
#12 C:\xampp\htdocs\yii\framework\web\CBaseController.php(126): require('C:\\xampp\\htdocs...')
#13 C:\xampp\htdocs\yii\framework\web\CBaseController.php(95): CBaseController->renderInternal('C:\\xampp\\htdocs...', Array, true)
#14 C:\xampp\htdocs\yii\framework\web\CController.php(784): CBaseController->renderFile('C:\\xampp\\htdocs...', Array, true)
#15 C:\xampp\htdocs\yiicancau\protected\controllers\SiteController.php(33): CController->render('index', Array)
#16 C:\xampp\htdocs\yii\framework\web\actions\CInlineAction.php(49): SiteController->actionIndex()
#17 C:\xampp\htdocs\yii\framework\web\CController.php(308): CInlineAction->runWithParams(Array)
#18 C:\xampp\htdocs\yii\framework\web\CController.php(286): CController->runAction(Object(CInlineAction))
#19 C:\xampp\htdocs\yii\framework\web\CController.php(265): CController->runActionWithFilters(Object(CInlineAction), Array)
#20 C:\xampp\htdocs\yii\framework\web\CWebApplication.php(282): CController->run('index')
#21 C:\xampp\htdocs\yii\framework\web\CWebApplication.php(141): CWebApplication->runController('site/index')
#22 C:\xampp\htdocs\yii\framework\base\CApplication.php(185): CWebApplication->processRequest()
#23 C:\xampp\htdocs\yiicancau\index.php(13): CApplication->run()
#24 {main}
REQUEST_URI=/yiicancau/index.php?r=site/index
HTTP_REFERER=http://localhost/yiicancau/index.php?r=site/contact
---
2016/04/07 18:50:47 [error] [php] include(TbArray.php): failed to open stream: No such file or directory (C:\xampp\htdocs\yii\framework\YiiBase.php:432)
Stack trace:
#0 C:\xampp\htdocs\yiicancau\protected\extensions\bootstrap\components\TbApi.php(179): spl_autoload_call()
#1 C:\xampp\htdocs\yiicancau\protected\extensions\bootstrap\components\TbApi.php(149): TbApi->registerPopover()
#2 C:\xampp\htdocs\yiicancau\protected\extensions\bootstrap\components\TbApi.php(159): TbApi->registerTooltipAndPopover()
#3 C:\xampp\htdocs\yiicancau\protected\extensions\bootstrap\components\TbApi.php(168): TbApi->registerAllScripts()
#4 C:\xampp\htdocs\yiicancau\protected\views\layouts\main.php(17): TbApi->register()
#5 C:\xampp\htdocs\yii\framework\web\CBaseController.php(126): require()
#6 C:\xampp\htdocs\yii\framework\web\CBaseController.php(95): SiteController->renderInternal()
#7 C:\xampp\htdocs\yii\framework\web\widgets\CContentDecorator.php(76): SiteController->renderFile()
#8 C:\xampp\htdocs\yii\framework\web\widgets\CContentDecorator.php(54): CContentDecorator->decorate()
#9 C:\xampp\htdocs\yii\framework\web\widgets\COutputProcessor.php(44): CContentDecorator->processOutput()
#10 C:\xampp\htdocs\yii\framework\web\CBaseController.php(214): CContentDecorator->run()
#11 C:\xampp\htdocs\yii\framework\web\CBaseController.php(308): SiteController->endWidget()
#12 C:\xampp\htdocs\yiicancau\protected\views\layouts\column1.php(6): SiteController->endContent()
#13 C:\xampp\htdocs\yii\framework\web\CBaseController.php(126): require()
#14 C:\xampp\htdocs\yii\framework\web\CBaseController.php(95): SiteController->renderInternal()
#15 C:\xampp\htdocs\yii\framework\web\CController.php(784): SiteController->renderFile()
#16 C:\xampp\htdocs\yiicancau\protected\controllers\SiteController.php(33): SiteController->render()
#17 C:\xampp\htdocs\yii\framework\web\actions\CInlineAction.php(49): SiteController->actionIndex()
#18 C:\xampp\htdocs\yii\framework\web\CController.php(308): CInlineAction->runWithParams()
#19 C:\xampp\htdocs\yii\framework\web\CController.php(286): SiteController->runAction()
#20 C:\xampp\htdocs\yii\framework\web\CController.php(265): SiteController->runActionWithFilters()
#21 C:\xampp\htdocs\yii\framework\web\CWebApplication.php(282): SiteController->run()
#22 C:\xampp\htdocs\yii\framework\web\CWebApplication.php(141): CWebApplication->runController()
#23 C:\xampp\htdocs\yii\framework\base\CApplication.php(185): CWebApplication->processRequest()
#24 C:\xampp\htdocs\yiicancau\index.php(13): CWebApplication->run()
REQUEST_URI=/yiicancau/index.php?r=site/index
in C:\xampp\htdocs\yiicancau\protected\extensions\bootstrap\components\TbApi.php (179)
in C:\xampp\htdocs\yiicancau\protected\extensions\bootstrap\components\TbApi.php (149)
in C:\xampp\htdocs\yiicancau\protected\extensions\bootstrap\components\TbApi.php (159)
2016/04/07 18:51:58 [error] [exception.CException] exception 'CException' with message 'Alias "bootstrap.components.Bootstrap" is invalid. Make sure it points to an existing PHP file and the file is readable.' in C:\xampp\htdocs\yii\framework\YiiBase.php:323
Stack trace:
#0 C:\xampp\htdocs\yii\framework\YiiBase.php(196): YiiBase::import('bootstrap.compo...', true)
#1 C:\xampp\htdocs\yii\framework\base\CModule.php(393): YiiBase::createComponent(Array)
#2 C:\xampp\htdocs\yii\framework\base\CModule.php(103): CModule->getComponent('bootstrap')
#3 C:\xampp\htdocs\yiicancau\protected\views\layouts\main.php(17): CModule->__get('bootstrap')
#4 C:\xampp\htdocs\yii\framework\web\CBaseController.php(126): require('C:\\xampp\\htdocs...')
#5 C:\xampp\htdocs\yii\framework\web\CBaseController.php(95): CBaseController->renderInternal('C:\\xampp\\htdocs...', Array, true)
#6 C:\xampp\htdocs\yii\framework\web\widgets\CContentDecorator.php(76): CBaseController->renderFile('C:\\xampp\\htdocs...', Array, true)
#7 C:\xampp\htdocs\yii\framework\web\widgets\CContentDecorator.php(54): CContentDecorator->decorate('<div id="conten...')
#8 C:\xampp\htdocs\yii\framework\web\widgets\COutputProcessor.php(44): CContentDecorator->processOutput('<div id="conten...')
#9 C:\xampp\htdocs\yii\framework\web\CBaseController.php(214): COutputProcessor->run()
#10 C:\xampp\htdocs\yii\framework\web\CBaseController.php(308): CBaseController->endWidget('CContentDecorat...')
#11 C:\xampp\htdocs\yiicancau\protected\views\layouts\column1.php(6): CBaseController->endContent()
#12 C:\xampp\htdocs\yii\framework\web\CBaseController.php(126): require('C:\\xampp\\htdocs...')
#13 C:\xampp\htdocs\yii\framework\web\CBaseController.php(95): CBaseController->renderInternal('C:\\xampp\\htdocs...', Array, true)
#14 C:\xampp\htdocs\yii\framework\web\CController.php(784): CBaseController->renderFile('C:\\xampp\\htdocs...', Array, true)
#15 C:\xampp\htdocs\yiicancau\protected\controllers\SiteController.php(33): CController->render('index', Array)
#16 C:\xampp\htdocs\yii\framework\web\actions\CInlineAction.php(49): SiteController->actionIndex()
#17 C:\xampp\htdocs\yii\framework\web\CController.php(308): CInlineAction->runWithParams(Array)
#18 C:\xampp\htdocs\yii\framework\web\CController.php(286): CController->runAction(Object(CInlineAction))
#19 C:\xampp\htdocs\yii\framework\web\CController.php(265): CController->runActionWithFilters(Object(CInlineAction), Array)
#20 C:\xampp\htdocs\yii\framework\web\CWebApplication.php(282): CController->run('')
#21 C:\xampp\htdocs\yii\framework\web\CWebApplication.php(141): CWebApplication->runController('')
#22 C:\xampp\htdocs\yii\framework\base\CApplication.php(185): CWebApplication->processRequest()
#23 C:\xampp\htdocs\yiicancau\index.php(13): CApplication->run()
#24 {main}
REQUEST_URI=/yiicancau/
---
2016/04/07 18:52:58 [error] [php] include(TbArray.php): failed to open stream: No such file or directory (C:\xampp\htdocs\yii\framework\YiiBase.php:432)
Stack trace:
#0 C:\xampp\htdocs\yiicancau\protected\extensions\bootstrap\components\TbApi.php(179): spl_autoload_call()
#1 C:\xampp\htdocs\yiicancau\protected\extensions\bootstrap\components\TbApi.php(149): TbApi->registerPopover()
#2 C:\xampp\htdocs\yiicancau\protected\extensions\bootstrap\components\TbApi.php(159): TbApi->registerTooltipAndPopover()
#3 C:\xampp\htdocs\yiicancau\protected\extensions\bootstrap\components\TbApi.php(168): TbApi->registerAllScripts()
#4 C:\xampp\htdocs\yiicancau\protected\views\layouts\main.php(17): TbApi->register()
#5 C:\xampp\htdocs\yii\framework\web\CBaseController.php(126): require()
#6 C:\xampp\htdocs\yii\framework\web\CBaseController.php(95): SiteController->renderInternal()
#7 C:\xampp\htdocs\yii\framework\web\widgets\CContentDecorator.php(76): SiteController->renderFile()
#8 C:\xampp\htdocs\yii\framework\web\widgets\CContentDecorator.php(54): CContentDecorator->decorate()
#9 C:\xampp\htdocs\yii\framework\web\widgets\COutputProcessor.php(44): CContentDecorator->processOutput()
#10 C:\xampp\htdocs\yii\framework\web\CBaseController.php(214): CContentDecorator->run()
#11 C:\xampp\htdocs\yii\framework\web\CBaseController.php(308): SiteController->endWidget()
#12 C:\xampp\htdocs\yiicancau\protected\views\layouts\column1.php(6): SiteController->endContent()
#13 C:\xampp\htdocs\yii\framework\web\CBaseController.php(126): require()
#14 C:\xampp\htdocs\yii\framework\web\CBaseController.php(95): SiteController->renderInternal()
#15 C:\xampp\htdocs\yii\framework\web\CController.php(784): SiteController->renderFile()
#16 C:\xampp\htdocs\yiicancau\protected\controllers\SiteController.php(33): SiteController->render()
#17 C:\xampp\htdocs\yii\framework\web\actions\CInlineAction.php(49): SiteController->actionIndex()
#18 C:\xampp\htdocs\yii\framework\web\CController.php(308): CInlineAction->runWithParams()
#19 C:\xampp\htdocs\yii\framework\web\CController.php(286): SiteController->runAction()
#20 C:\xampp\htdocs\yii\framework\web\CController.php(265): SiteController->runActionWithFilters()
#21 C:\xampp\htdocs\yii\framework\web\CWebApplication.php(282): SiteController->run()
#22 C:\xampp\htdocs\yii\framework\web\CWebApplication.php(141): CWebApplication->runController()
#23 C:\xampp\htdocs\yii\framework\base\CApplication.php(185): CWebApplication->processRequest()
#24 C:\xampp\htdocs\yiicancau\index.php(13): CWebApplication->run()
REQUEST_URI=/yiicancau/
in C:\xampp\htdocs\yiicancau\protected\extensions\bootstrap\components\TbApi.php (179)
in C:\xampp\htdocs\yiicancau\protected\extensions\bootstrap\components\TbApi.php (149)
in C:\xampp\htdocs\yiicancau\protected\extensions\bootstrap\components\TbApi.php (159)
2016/04/09 10:02:23 [error] [exception.CHttpException.404] exception 'CHttpException' with message 'The system is unable to find the requested action "actionIndexJson".' in C:\xampp\htdocs\yii\framework\web\CController.php:483
Stack trace:
#0 C:\xampp\htdocs\yii\framework\web\CController.php(270): CController->missingAction('actionIndexJson')
#1 C:\xampp\htdocs\yii\framework\web\CWebApplication.php(282): CController->run('actionIndexJson')
#2 C:\xampp\htdocs\yii\framework\web\CWebApplication.php(141): CWebApplication->runController('site/actionInde...')
#3 C:\xampp\htdocs\yii\framework\base\CApplication.php(185): CWebApplication->processRequest()
#4 C:\xampp\htdocs\yiicancau\index.php(13): CApplication->run()
#5 {main}
REQUEST_URI=/yiicancau/index.php?r=site/actionIndexJson
---
2016/04/11 15:29:48 [error] [php] Undefined variable: result (C:\xampp\htdocs\yiicancau\protected\controllers\SiteController.php:50)
Stack trace:
#0 C:\xampp\htdocs\yii\framework\web\CController.php(286): SiteController->runAction()
#1 C:\xampp\htdocs\yii\framework\web\CController.php(265): SiteController->runActionWithFilters()
#2 C:\xampp\htdocs\yii\framework\web\CWebApplication.php(282): SiteController->run()
#3 C:\xampp\htdocs\yii\framework\web\CWebApplication.php(141): CWebApplication->runController()
#4 C:\xampp\htdocs\yii\framework\base\CApplication.php(185): CWebApplication->processRequest()
#5 C:\xampp\htdocs\yiicancau\index.php(13): CWebApplication->run()
REQUEST_URI=/yiicancau/index.php?r=site/menuJson
in C:\xampp\htdocs\yiicancau\protected\controllers\SiteController.php (50)
in C:\xampp\htdocs\yiicancau\index.php (13)
2016/04/11 15:42:54 [error] [system.db.CDbCommand] CDbCommand::fetch() failed: SQLSTATE[HY093]: Invalid parameter number: no parameters were bound. The SQL statement executed was: SELECT MaLoai,TenLoai FROM `oitb` `t` WHERE MaNganh=:01 LIMIT 1.
in C:\xampp\htdocs\yiicancau\protected\controllers\SiteController.php (56)
in C:\xampp\htdocs\yiicancau\index.php (13)
2016/04/11 15:42:54 [error] [exception.CDbException] exception 'CDbException' with message 'CDbCommand failed to execute the SQL statement: SQLSTATE[HY093]: Invalid parameter number: no parameters were bound. The SQL statement executed was: SELECT MaLoai,TenLoai FROM `oitb` `t` WHERE MaNganh=:01 LIMIT 1' in C:\xampp\htdocs\yii\framework\db\CDbCommand.php:543
Stack trace:
#0 C:\xampp\htdocs\yii\framework\db\CDbCommand.php(415): CDbCommand->queryInternal('fetch', Array, Array)
#1 C:\xampp\htdocs\yii\framework\db\ar\CActiveRecord.php(1356): CDbCommand->queryRow()
#2 C:\xampp\htdocs\yii\framework\db\ar\CActiveRecord.php(1461): CActiveRecord->query(Object(CDbCriteria))
#3 C:\xampp\htdocs\yiicancau\protected\controllers\SiteController.php(56): CActiveRecord->find(Array)
#4 C:\xampp\htdocs\yii\framework\web\actions\CInlineAction.php(49): SiteController->actionMenuJson()
#5 C:\xampp\htdocs\yii\framework\web\CController.php(308): CInlineAction->runWithParams(Array)
#6 C:\xampp\htdocs\yii\framework\web\CController.php(286): CController->runAction(Object(CInlineAction))
#7 C:\xampp\htdocs\yii\framework\web\CController.php(265): CController->runActionWithFilters(Object(CInlineAction), Array)
#8 C:\xampp\htdocs\yii\framework\web\CWebApplication.php(282): CController->run('menuJson')
#9 C:\xampp\htdocs\yii\framework\web\CWebApplication.php(141): CWebApplication->runController('site/menuJson')
#10 C:\xampp\htdocs\yii\framework\base\CApplication.php(185): CWebApplication->processRequest()
#11 C:\xampp\htdocs\yiicancau\index.php(13): CApplication->run()
#12 {main}
REQUEST_URI=/yiicancau/index.php?r=site/menuJson
---
2016/04/11 15:43:13 [error] [system.db.CDbCommand] CDbCommand::fetchAll() failed: SQLSTATE[HY093]: Invalid parameter number: no parameters were bound. The SQL statement executed was: SELECT MaLoai,TenLoai FROM `oitb` `t` WHERE MaNganh=:01.
in C:\xampp\htdocs\yiicancau\protected\controllers\SiteController.php (56)
in C:\xampp\htdocs\yiicancau\index.php (13)
2016/04/11 15:43:13 [error] [exception.CDbException] exception 'CDbException' with message 'CDbCommand failed to execute the SQL statement: SQLSTATE[HY093]: Invalid parameter number: no parameters were bound. The SQL statement executed was: SELECT MaLoai,TenLoai FROM `oitb` `t` WHERE MaNganh=:01' in C:\xampp\htdocs\yii\framework\db\CDbCommand.php:543
Stack trace:
#0 C:\xampp\htdocs\yii\framework\db\CDbCommand.php(396): CDbCommand->queryInternal('fetchAll', Array, Array)
#1 C:\xampp\htdocs\yii\framework\db\ar\CActiveRecord.php(1356): CDbCommand->queryAll()
#2 C:\xampp\htdocs\yii\framework\db\ar\CActiveRecord.php(1475): CActiveRecord->query(Object(CDbCriteria), true)
#3 C:\xampp\htdocs\yiicancau\protected\controllers\SiteController.php(56): CActiveRecord->findAll(Array)
#4 C:\xampp\htdocs\yii\framework\web\actions\CInlineAction.php(49): SiteController->actionMenuJson()
#5 C:\xampp\htdocs\yii\framework\web\CController.php(308): CInlineAction->runWithParams(Array)
#6 C:\xampp\htdocs\yii\framework\web\CController.php(286): CController->runAction(Object(CInlineAction))
#7 C:\xampp\htdocs\yii\framework\web\CController.php(265): CController->runActionWithFilters(Object(CInlineAction), Array)
#8 C:\xampp\htdocs\yii\framework\web\CWebApplication.php(282): CController->run('menuJson')
#9 C:\xampp\htdocs\yii\framework\web\CWebApplication.php(141): CWebApplication->runController('site/menuJson')
#10 C:\xampp\htdocs\yii\framework\base\CApplication.php(185): CWebApplication->processRequest()
#11 C:\xampp\htdocs\yiicancau\index.php(13): CApplication->run()
#12 {main}
REQUEST_URI=/yiicancau/index.php?r=site/menuJson
---
2016/04/11 15:43:24 [error] [php] Array to string conversion (C:\xampp\htdocs\yiicancau\protected\controllers\SiteController.php:57)
Stack trace:
#0 C:\xampp\htdocs\yii\framework\web\CController.php(286): SiteController->runAction()
#1 C:\xampp\htdocs\yii\framework\web\CController.php(265): SiteController->runActionWithFilters()
#2 C:\xampp\htdocs\yii\framework\web\CWebApplication.php(282): SiteController->run()
#3 C:\xampp\htdocs\yii\framework\web\CWebApplication.php(141): CWebApplication->runController()
#4 C:\xampp\htdocs\yii\framework\base\CApplication.php(185): CWebApplication->processRequest()
#5 C:\xampp\htdocs\yiicancau\index.php(13): CWebApplication->run()
REQUEST_URI=/yiicancau/index.php?r=site/menuJson
in C:\xampp\htdocs\yiicancau\protected\controllers\SiteController.php (57)
in C:\xampp\htdocs\yiicancau\index.php (13)
2016/04/11 15:43:40 [error] [php] Array to string conversion (C:\xampp\htdocs\yiicancau\protected\controllers\SiteController.php:57)
Stack trace:
#0 C:\xampp\htdocs\yii\framework\web\CController.php(308): CInlineAction->runWithParams()
#1 C:\xampp\htdocs\yii\framework\web\CController.php(286): SiteController->runAction()
#2 C:\xampp\htdocs\yii\framework\web\CController.php(265): SiteController->runActionWithFilters()
#3 C:\xampp\htdocs\yii\framework\web\CWebApplication.php(282): SiteController->run()
#4 C:\xampp\htdocs\yii\framework\web\CWebApplication.php(141): CWebApplication->runController()
#5 C:\xampp\htdocs\yii\framework\base\CApplication.php(185): CWebApplication->processRequest()
#6 C:\xampp\htdocs\yiicancau\index.php(13): CWebApplication->run()
REQUEST_URI=/yiicancau/index.php?r=site/menuJson
in C:\xampp\htdocs\yiicancau\protected\controllers\SiteController.php (57)
in C:\xampp\htdocs\yiicancau\index.php (13)
2016/04/11 15:53:09 [error] [php] Use of undefined constant result - assumed 'result' (C:\xampp\htdocs\yiicancau\protected\controllers\SiteController.php:73)
Stack trace:
#0 C:\xampp\htdocs\yii\framework\web\CController.php(286): SiteController->runAction()
#1 C:\xampp\htdocs\yii\framework\web\CController.php(265): SiteController->runActionWithFilters()
#2 C:\xampp\htdocs\yii\framework\web\CWebApplication.php(282): SiteController->run()
#3 C:\xampp\htdocs\yii\framework\web\CWebApplication.php(141): CWebApplication->runController()
#4 C:\xampp\htdocs\yii\framework\base\CApplication.php(185): CWebApplication->processRequest()
#5 C:\xampp\htdocs\yiicancau\index.php(13): CWebApplication->run()
REQUEST_URI=/yiicancau/index.php?r=site/menuJson
in C:\xampp\htdocs\yiicancau\protected\controllers\SiteController.php (73)
in C:\xampp\htdocs\yiicancau\index.php (13)
2016/04/12 17:34:01 [error] [exception.CHttpException.400] exception 'CHttpException' with message 'Your request is invalid.' in C:\xampp\htdocs\yii\framework\web\CController.php:336
Stack trace:
#0 C:\xampp\htdocs\yii\framework\web\CController.php(309): CController->invalidActionParams(Object(CInlineAction))
#1 C:\xampp\htdocs\yii\framework\web\CController.php(286): CController->runAction(Object(CInlineAction))
#2 C:\xampp\htdocs\yii\framework\web\CController.php(265): CController->runActionWithFilters(Object(CInlineAction), Array)
#3 C:\xampp\htdocs\yii\framework\web\CWebApplication.php(282): CController->run('ProductJson')
#4 C:\xampp\htdocs\yii\framework\web\CWebApplication.php(141): CWebApplication->runController('site/ProductJso...')
#5 C:\xampp\htdocs\yii\framework\base\CApplication.php(185): CWebApplication->processRequest()
#6 C:\xampp\htdocs\yiicancau\index.php(13): CApplication->run()
#7 {main}
REQUEST_URI=/yiicancau/index.php?r=site/ProductJson/6
HTTP_REFERER=http://localhost/yiicancau/
---
2016/04/12 17:34:01 [error] [exception.CHttpException.400] exception 'CHttpException' with message 'Your request is invalid.' in C:\xampp\htdocs\yii\framework\web\CController.php:336
Stack trace:
#0 C:\xampp\htdocs\yii\framework\web\CController.php(309): CController->invalidActionParams(Object(CInlineAction))
#1 C:\xampp\htdocs\yii\framework\web\CController.php(286): CController->runAction(Object(CInlineAction))
#2 C:\xampp\htdocs\yii\framework\web\CController.php(265): CController->runActionWithFilters(Object(CInlineAction), Array)
#3 C:\xampp\htdocs\yii\framework\web\CWebApplication.php(282): CController->run('ProductJson')
#4 C:\xampp\htdocs\yii\framework\web\CWebApplication.php(141): CWebApplication->runController('site/ProductJso...')
#5 C:\xampp\htdocs\yii\framework\base\CApplication.php(185): CWebApplication->processRequest()
#6 C:\xampp\htdocs\yiicancau\index.php(13): CApplication->run()
#7 {main}
REQUEST_URI=/yiicancau/index.php?r=site/ProductJson/12
HTTP_REFERER=http://localhost/yiicancau/
---
2016/04/12 17:35:04 [error] [exception.CHttpException.400] exception 'CHttpException' with message 'Your request is invalid.' in C:\xampp\htdocs\yii\framework\web\CController.php:336
Stack trace:
#0 C:\xampp\htdocs\yii\framework\web\CController.php(309): CController->invalidActionParams(Object(CInlineAction))
#1 C:\xampp\htdocs\yii\framework\web\CController.php(286): CController->runAction(Object(CInlineAction))
#2 C:\xampp\htdocs\yii\framework\web\CController.php(265): CController->runActionWithFilters(Object(CInlineAction), Array)
#3 C:\xampp\htdocs\yii\framework\web\CWebApplication.php(282): CController->run('ProductJson')
#4 C:\xampp\htdocs\yii\framework\web\CWebApplication.php(141): CWebApplication->runController('site/ProductJso...')
#5 C:\xampp\htdocs\yii\framework\base\CApplication.php(185): CWebApplication->processRequest()
#6 C:\xampp\htdocs\yiicancau\index.php(13): CApplication->run()
#7 {main}
REQUEST_URI=/yiicancau/index.php?r=site/ProductJson/6
---
2016/04/12 17:37:19 [error] [exception.CHttpException.400] exception 'CHttpException' with message 'Your request is invalid.' in C:\xampp\htdocs\yii\framework\web\CController.php:336
Stack trace:
#0 C:\xampp\htdocs\yii\framework\web\CController.php(309): CController->invalidActionParams(Object(CInlineAction))
#1 C:\xampp\htdocs\yii\framework\web\CController.php(286): CController->runAction(Object(CInlineAction))
#2 C:\xampp\htdocs\yii\framework\web\CController.php(265): CController->runActionWithFilters(Object(CInlineAction), Array)
#3 C:\xampp\htdocs\yii\framework\web\CWebApplication.php(282): CController->run('ProductJson')
#4 C:\xampp\htdocs\yii\framework\web\CWebApplication.php(141): CWebApplication->runController('site/ProductJso...')
#5 C:\xampp\htdocs\yii\framework\base\CApplication.php(185): CWebApplication->processRequest()
#6 C:\xampp\htdocs\yiicancau\index.php(13): CApplication->run()
#7 {main}
REQUEST_URI=/yiicancau/index.php?r=site/ProductJson/data=6
---
2016/04/12 17:37:23 [error] [exception.CHttpException.400] exception 'CHttpException' with message 'Your request is invalid.' in C:\xampp\htdocs\yii\framework\web\CController.php:336
Stack trace:
#0 C:\xampp\htdocs\yii\framework\web\CController.php(309): CController->invalidActionParams(Object(CInlineAction))
#1 C:\xampp\htdocs\yii\framework\web\CController.php(286): CController->runAction(Object(CInlineAction))
#2 C:\xampp\htdocs\yii\framework\web\CController.php(265): CController->runActionWithFilters(Object(CInlineAction), Array)
#3 C:\xampp\htdocs\yii\framework\web\CWebApplication.php(282): CController->run('ProductJson')
#4 C:\xampp\htdocs\yii\framework\web\CWebApplication.php(141): CWebApplication->runController('site/ProductJso...')
#5 C:\xampp\htdocs\yii\framework\base\CApplication.php(185): CWebApplication->processRequest()
#6 C:\xampp\htdocs\yiicancau\index.php(13): CApplication->run()
#7 {main}
REQUEST_URI=/yiicancau/index.php?r=site/ProductJson
---
2016/04/12 17:40:21 [error] [exception.CHttpException.400] exception 'CHttpException' with message 'Your request is invalid.' in C:\xampp\htdocs\yii\framework\web\CController.php:336
Stack trace:
#0 C:\xampp\htdocs\yii\framework\web\CController.php(309): CController->invalidActionParams(Object(CInlineAction))
#1 C:\xampp\htdocs\yii\framework\web\CController.php(286): CController->runAction(Object(CInlineAction))
#2 C:\xampp\htdocs\yii\framework\web\CController.php(265): CController->runActionWithFilters(Object(CInlineAction), Array)
#3 C:\xampp\htdocs\yii\framework\web\CWebApplication.php(282): CController->run('ProductJson')
#4 C:\xampp\htdocs\yii\framework\web\CWebApplication.php(141): CWebApplication->runController('site/ProductJso...')
#5 C:\xampp\htdocs\yii\framework\base\CApplication.php(185): CWebApplication->processRequest()
#6 C:\xampp\htdocs\yiicancau\index.php(13): CApplication->run()
#7 {main}
REQUEST_URI=/yiicancau/index.php?r=site/ProductJson
---
2016/04/12 17:49:13 [error] [exception.CHttpException.404] exception 'CHttpException' with message 'The system is unable to find the requested action "ProductJson?data=6".' in C:\xampp\htdocs\yii\framework\web\CController.php:483
Stack trace:
#0 C:\xampp\htdocs\yii\framework\web\CController.php(270): CController->missingAction('ProductJson?dat...')
#1 C:\xampp\htdocs\yii\framework\web\CWebApplication.php(282): CController->run('ProductJson?dat...')
#2 C:\xampp\htdocs\yii\framework\web\CWebApplication.php(141): CWebApplication->runController('site/ProductJso...')
#3 C:\xampp\htdocs\yii\framework\base\CApplication.php(185): CWebApplication->processRequest()
#4 C:\xampp\htdocs\yiicancau\index.php(13): CApplication->run()
#5 {main}
REQUEST_URI=/yiicancau/index.php?r=site/ProductJson?data=6
HTTP_REFERER=http://localhost/yiicancau/
---
2016/04/12 17:49:13 [error] [exception.CHttpException.404] exception 'CHttpException' with message 'The system is unable to find the requested action "ProductJson?data=12".' in C:\xampp\htdocs\yii\framework\web\CController.php:483
Stack trace:
#0 C:\xampp\htdocs\yii\framework\web\CController.php(270): CController->missingAction('ProductJson?dat...')
#1 C:\xampp\htdocs\yii\framework\web\CWebApplication.php(282): CController->run('ProductJson?dat...')
#2 C:\xampp\htdocs\yii\framework\web\CWebApplication.php(141): CWebApplication->runController('site/ProductJso...')
#3 C:\xampp\htdocs\yii\framework\base\CApplication.php(185): CWebApplication->processRequest()
#4 C:\xampp\htdocs\yiicancau\index.php(13): CApplication->run()
#5 {main}
REQUEST_URI=/yiicancau/index.php?r=site/ProductJson?data=12
HTTP_REFERER=http://localhost/yiicancau/
---
2016/04/12 17:49:26 [error] [exception.CHttpException.404] exception 'CHttpException' with message 'The system is unable to find the requested action "ProductJson?data=12".' in C:\xampp\htdocs\yii\framework\web\CController.php:483
Stack trace:
#0 C:\xampp\htdocs\yii\framework\web\CController.php(270): CController->missingAction('ProductJson?dat...')
#1 C:\xampp\htdocs\yii\framework\web\CWebApplication.php(282): CController->run('ProductJson?dat...')
#2 C:\xampp\htdocs\yii\framework\web\CWebApplication.php(141): CWebApplication->runController('site/ProductJso...')
#3 C:\xampp\htdocs\yii\framework\base\CApplication.php(185): CWebApplication->processRequest()
#4 C:\xampp\htdocs\yiicancau\index.php(13): CApplication->run()
#5 {main}
REQUEST_URI=/yiicancau/index.php?r=site/ProductJson?data=12
---
2016/04/12 17:51:04 [error] [exception.CHttpException.404] exception 'CHttpException' with message 'The system is unable to find the requested action "ProductJson?data=12".' in C:\xampp\htdocs\yii\framework\web\CController.php:483
Stack trace:
#0 C:\xampp\htdocs\yii\framework\web\CController.php(270): CController->missingAction('ProductJson?dat...')
#1 C:\xampp\htdocs\yii\framework\web\CWebApplication.php(282): CController->run('ProductJson?dat...')
#2 C:\xampp\htdocs\yii\framework\web\CWebApplication.php(141): CWebApplication->runController('site/ProductJso...')
#3 C:\xampp\htdocs\yii\framework\base\CApplication.php(185): CWebApplication->processRequest()
#4 C:\xampp\htdocs\yiicancau\index.php(13): CApplication->run()
#5 {main}
REQUEST_URI=/yiicancau/index.php?r=site/ProductJson?data=12
---
2016/04/12 17:51:19 [error] [exception.CHttpException.400] exception 'CHttpException' with message 'Your request is invalid.' in C:\xampp\htdocs\yii\framework\web\CController.php:336
Stack trace:
#0 C:\xampp\htdocs\yii\framework\web\CController.php(309): CController->invalidActionParams(Object(CInlineAction))
#1 C:\xampp\htdocs\yii\framework\web\CController.php(286): CController->runAction(Object(CInlineAction))
#2 C:\xampp\htdocs\yii\framework\web\CController.php(265): CController->runActionWithFilters(Object(CInlineAction), Array)
#3 C:\xampp\htdocs\yii\framework\web\CWebApplication.php(282): CController->run('ProductJson')
#4 C:\xampp\htdocs\yii\framework\web\CWebApplication.php(141): CWebApplication->runController('site/ProductJso...')
#5 C:\xampp\htdocs\yii\framework\base\CApplication.php(185): CWebApplication->processRequest()
#6 C:\xampp\htdocs\yiicancau\index.php(13): CApplication->run()
#7 {main}
REQUEST_URI=/yiicancau/index.php?r=site/ProductJson/12
---
2016/04/12 17:54:26 [error] [exception.CHttpException.404] exception 'CHttpException' with message 'The system is unable to find the requested action "ProductJson?id=12".' in C:\xampp\htdocs\yii\framework\web\CController.php:483
Stack trace:
#0 C:\xampp\htdocs\yii\framework\web\CController.php(270): CController->missingAction('ProductJson?id=...')
#1 C:\xampp\htdocs\yii\framework\web\CWebApplication.php(282): CController->run('ProductJson?id=...')
#2 C:\xampp\htdocs\yii\framework\web\CWebApplication.php(141): CWebApplication->runController('site/ProductJso...')
#3 C:\xampp\htdocs\yii\framework\base\CApplication.php(185): CWebApplication->processRequest()
#4 C:\xampp\htdocs\yiicancau\index.php(13): CApplication->run()
#5 {main}
REQUEST_URI=/yiicancau/index.php?r=site/ProductJson?id=12
---
2016/04/12 17:56:01 [error] [exception.CHttpException.404] exception 'CHttpException' with message 'The system is unable to find the requested action "ProductJson?id=12".' in C:\xampp\htdocs\yii\framework\web\CController.php:483
Stack trace:
#0 C:\xampp\htdocs\yii\framework\web\CController.php(270): CController->missingAction('ProductJson?id=...')
#1 C:\xampp\htdocs\yii\framework\web\CWebApplication.php(282): CController->run('ProductJson?id=...')
#2 C:\xampp\htdocs\yii\framework\web\CWebApplication.php(141): CWebApplication->runController('site/ProductJso...')
#3 C:\xampp\htdocs\yii\framework\base\CApplication.php(185): CWebApplication->processRequest()
#4 C:\xampp\htdocs\yiicancau\index.php(13): CApplication->run()
#5 {main}
REQUEST_URI=/yiicancau/index.php?r=site/ProductJson?id=12
---
2016/04/12 18:01:29 [error] [exception.CHttpException.404] exception 'CHttpException' with message 'The system is unable to find the requested action "ProductJson?id=12".' in C:\xampp\htdocs\yii\framework\web\CController.php:483
Stack trace:
#0 C:\xampp\htdocs\yii\framework\web\CController.php(270): CController->missingAction('ProductJson?id=...')
#1 C:\xampp\htdocs\yii\framework\web\CWebApplication.php(282): CController->run('ProductJson?id=...')
#2 C:\xampp\htdocs\yii\framework\web\CWebApplication.php(141): CWebApplication->runController('site/ProductJso...')
#3 C:\xampp\htdocs\yii\framework\base\CApplication.php(185): CWebApplication->processRequest()
#4 C:\xampp\htdocs\yiicancau\index.php(13): CApplication->run()
#5 {main}
REQUEST_URI=/yiicancau/index.php?r=site/ProductJson?id=12
---
2016/04/12 18:01:30 [error] [exception.CHttpException.404] exception 'CHttpException' with message 'The system is unable to find the requested action "ProductJson?id=12".' in C:\xampp\htdocs\yii\framework\web\CController.php:483
Stack trace:
#0 C:\xampp\htdocs\yii\framework\web\CController.php(270): CController->missingAction('ProductJson?id=...')
#1 C:\xampp\htdocs\yii\framework\web\CWebApplication.php(282): CController->run('ProductJson?id=...')
#2 C:\xampp\htdocs\yii\framework\web\CWebApplication.php(141): CWebApplication->runController('site/ProductJso...')
#3 C:\xampp\htdocs\yii\framework\base\CApplication.php(185): CWebApplication->processRequest()
#4 C:\xampp\htdocs\yiicancau\index.php(13): CApplication->run()
#5 {main}
REQUEST_URI=/yiicancau/index.php?r=site/ProductJson?id=12
---
2016/04/12 18:01:30 [error] [exception.CHttpException.404] exception 'CHttpException' with message 'The system is unable to find the requested action "ProductJson?id=12".' in C:\xampp\htdocs\yii\framework\web\CController.php:483
Stack trace:
#0 C:\xampp\htdocs\yii\framework\web\CController.php(270): CController->missingAction('ProductJson?id=...')
#1 C:\xampp\htdocs\yii\framework\web\CWebApplication.php(282): CController->run('ProductJson?id=...')
#2 C:\xampp\htdocs\yii\framework\web\CWebApplication.php(141): CWebApplication->runController('site/ProductJso...')
#3 C:\xampp\htdocs\yii\framework\base\CApplication.php(185): CWebApplication->processRequest()
#4 C:\xampp\htdocs\yiicancau\index.php(13): CApplication->run()
#5 {main}
REQUEST_URI=/yiicancau/index.php?r=site/ProductJson?id=12
---
2016/04/12 18:01:30 [error] [exception.CHttpException.404] exception 'CHttpException' with message 'The system is unable to find the requested action "ProductJson?id=12".' in C:\xampp\htdocs\yii\framework\web\CController.php:483
Stack trace:
#0 C:\xampp\htdocs\yii\framework\web\CController.php(270): CController->missingAction('ProductJson?id=...')
#1 C:\xampp\htdocs\yii\framework\web\CWebApplication.php(282): CController->run('ProductJson?id=...')
#2 C:\xampp\htdocs\yii\framework\web\CWebApplication.php(141): CWebApplication->runController('site/ProductJso...')
#3 C:\xampp\htdocs\yii\framework\base\CApplication.php(185): CWebApplication->processRequest()
#4 C:\xampp\htdocs\yiicancau\index.php(13): CApplication->run()
#5 {main}
REQUEST_URI=/yiicancau/index.php?r=site/ProductJson?id=12
---
2016/04/12 18:01:31 [error] [exception.CHttpException.404] exception 'CHttpException' with message 'The system is unable to find the requested action "ProductJson?id=12".' in C:\xampp\htdocs\yii\framework\web\CController.php:483
Stack trace:
#0 C:\xampp\htdocs\yii\framework\web\CController.php(270): CController->missingAction('ProductJson?id=...')
#1 C:\xampp\htdocs\yii\framework\web\CWebApplication.php(282): CController->run('ProductJson?id=...')
#2 C:\xampp\htdocs\yii\framework\web\CWebApplication.php(141): CWebApplication->runController('site/ProductJso...')
#3 C:\xampp\htdocs\yii\framework\base\CApplication.php(185): CWebApplication->processRequest()
#4 C:\xampp\htdocs\yiicancau\index.php(13): CApplication->run()
#5 {main}
REQUEST_URI=/yiicancau/index.php?r=site/ProductJson?id=12
---
2016/04/12 18:01:31 [error] [exception.CHttpException.404] exception 'CHttpException' with message 'The system is unable to find the requested action "ProductJson?id=12".' in C:\xampp\htdocs\yii\framework\web\CController.php:483
Stack trace:
#0 C:\xampp\htdocs\yii\framework\web\CController.php(270): CController->missingAction('ProductJson?id=...')
#1 C:\xampp\htdocs\yii\framework\web\CWebApplication.php(282): CController->run('ProductJson?id=...')
#2 C:\xampp\htdocs\yii\framework\web\CWebApplication.php(141): CWebApplication->runController('site/ProductJso...')
#3 C:\xampp\htdocs\yii\framework\base\CApplication.php(185): CWebApplication->processRequest()
#4 C:\xampp\htdocs\yiicancau\index.php(13): CApplication->run()
#5 {main}
REQUEST_URI=/yiicancau/index.php?r=site/ProductJson?id=12
---
2016/04/12 18:01:31 [error] [exception.CHttpException.404] exception 'CHttpException' with message 'The system is unable to find the requested action "ProductJson?id=12".' in C:\xampp\htdocs\yii\framework\web\CController.php:483
Stack trace:
#0 C:\xampp\htdocs\yii\framework\web\CController.php(270): CController->missingAction('ProductJson?id=...')
#1 C:\xampp\htdocs\yii\framework\web\CWebApplication.php(282): CController->run('ProductJson?id=...')
#2 C:\xampp\htdocs\yii\framework\web\CWebApplication.php(141): CWebApplication->runController('site/ProductJso...')
#3 C:\xampp\htdocs\yii\framework\base\CApplication.php(185): CWebApplication->processRequest()
#4 C:\xampp\htdocs\yiicancau\index.php(13): CApplication->run()
#5 {main}
REQUEST_URI=/yiicancau/index.php?r=site/ProductJson?id=12
---
2016/04/12 18:01:31 [error] [exception.CHttpException.404] exception 'CHttpException' with message 'The system is unable to find the requested action "ProductJson?id=12".' in C:\xampp\htdocs\yii\framework\web\CController.php:483
Stack trace:
#0 C:\xampp\htdocs\yii\framework\web\CController.php(270): CController->missingAction('ProductJson?id=...')
#1 C:\xampp\htdocs\yii\framework\web\CWebApplication.php(282): CController->run('ProductJson?id=...')
#2 C:\xampp\htdocs\yii\framework\web\CWebApplication.php(141): CWebApplication->runController('site/ProductJso...')
#3 C:\xampp\htdocs\yii\framework\base\CApplication.php(185): CWebApplication->processRequest()
#4 C:\xampp\htdocs\yiicancau\index.php(13): CApplication->run()
#5 {main}
REQUEST_URI=/yiicancau/index.php?r=site/ProductJson?id=12
---
2016/04/12 18:01:35 [error] [php] Undefined index: data (C:\xampp\htdocs\yiicancau\protected\controllers\SiteController.php:48)
Stack trace:
#0 C:\xampp\htdocs\yii\framework\web\CController.php(286): SiteController->runAction()
#1 C:\xampp\htdocs\yii\framework\web\CController.php(265): SiteController->runActionWithFilters()
#2 C:\xampp\htdocs\yii\framework\web\CWebApplication.php(282): SiteController->run()
#3 C:\xampp\htdocs\yii\framework\web\CWebApplication.php(141): CWebApplication->runController()
#4 C:\xampp\htdocs\yii\framework\base\CApplication.php(185): CWebApplication->processRequest()
#5 C:\xampp\htdocs\yiicancau\index.php(13): CWebApplication->run()
REQUEST_URI=/yiicancau/index.php?r=site/ProductJson&id=12
in C:\xampp\htdocs\yiicancau\protected\controllers\SiteController.php (48)
in C:\xampp\htdocs\yiicancau\index.php (13)
2016/04/12 18:02:15 [error] [exception.CHttpException.404] exception 'CHttpException' with message 'The system is unable to find the requested action "ProductJson?data=6".' in C:\xampp\htdocs\yii\framework\web\CController.php:483
Stack trace:
#0 C:\xampp\htdocs\yii\framework\web\CController.php(270): CController->missingAction('ProductJson?dat...')
#1 C:\xampp\htdocs\yii\framework\web\CWebApplication.php(282): CController->run('ProductJson?dat...')
#2 C:\xampp\htdocs\yii\framework\web\CWebApplication.php(141): CWebApplication->runController('site/ProductJso...')
#3 C:\xampp\htdocs\yii\framework\base\CApplication.php(185): CWebApplication->processRequest()
#4 C:\xampp\htdocs\yiicancau\index.php(13): CApplication->run()
#5 {main}
REQUEST_URI=/yiicancau/index.php?r=site/ProductJson?data=6
HTTP_REFERER=http://localhost/yiicancau/
---
2016/04/12 18:02:15 [error] [exception.CHttpException.404] exception 'CHttpException' with message 'The system is unable to find the requested action "ProductJson?data=12".' in C:\xampp\htdocs\yii\framework\web\CController.php:483
Stack trace:
#0 C:\xampp\htdocs\yii\framework\web\CController.php(270): CController->missingAction('ProductJson?dat...')
#1 C:\xampp\htdocs\yii\framework\web\CWebApplication.php(282): CController->run('ProductJson?dat...')
#2 C:\xampp\htdocs\yii\framework\web\CWebApplication.php(141): CWebApplication->runController('site/ProductJso...')
#3 C:\xampp\htdocs\yii\framework\base\CApplication.php(185): CWebApplication->processRequest()
#4 C:\xampp\htdocs\yiicancau\index.php(13): CApplication->run()
#5 {main}
REQUEST_URI=/yiicancau/index.php?r=site/ProductJson?data=12
HTTP_REFERER=http://localhost/yiicancau/
---
